{"uid":"96055f70c9299d1","name":"testClickFirstGameInSwiper()","fullName":"hesias.selenium.practices.correction.tests.HomeTest.testClickFirstGameInSwiper","historyId":"3f8bc0ce0ea376163c76d224de1224c6","time":{"start":1769089319617,"stop":1769089332929,"duration":13312},"description":"Clique sur le premier jeu du slider et vérifie la redirection vers la page de détails du jeu.","descriptionHtml":"<p>Clique sur le premier jeu du slider et vérifie la redirection vers la page de détails du jeu.</p>\n","status":"broken","statusMessage":"Expected condition failed: waiting for visibility of element located by By.cssSelector: item-slider[selenium-id='productsSectionSlider'] (tried for 10 second(s) with 500 milliseconds interval)\nBuild info: version: '4.37.0', revision: '3c1da1e342'\nSystem info: os.name: 'Linux', os.arch: 'amd64', os.version: '6.11.0-1018-azure', java.version: '21.0.9'\nDriver info: org.openqa.selenium.chrome.ChromeDriver\nCapabilities {acceptInsecureCerts: false, browserName: chrome, browserVersion: 143.0.7499.192, chrome: {chromedriverVersion: 143.0.7499.192 (be2c1f4fd45..., userDataDir: /tmp/.org.chromium.Chromium...}, fedcm:accounts: true, goog:chromeOptions: {debuggerAddress: localhost:33783}, goog:processID: 3152, networkConnectionEnabled: false, pageLoadStrategy: normal, platformName: linux, proxy: Proxy(), se:cdp: ws://localhost:33783/devtoo..., se:cdpVersion: 143.0.7499.192, setWindowRect: true, strictFileInteractability: false, timeouts: {implicit: 0, pageLoad: 300000, script: 30000}, unhandledPromptBehavior: dismiss and notify, webauthn:extension:credBlob: true, webauthn:extension:largeBlob: true, webauthn:extension:minPinLength: true, webauthn:extension:prf: true, webauthn:virtualAuthenticators: true}\nSession ID: 808002adead781432b9ba9f8e71909ef","statusTrace":"org.openqa.selenium.TimeoutException: Expected condition failed: waiting for visibility of element located by By.cssSelector: item-slider[selenium-id='productsSectionSlider'] (tried for 10 second(s) with 500 milliseconds interval)\nBuild info: version: '4.37.0', revision: '3c1da1e342'\nSystem info: os.name: 'Linux', os.arch: 'amd64', os.version: '6.11.0-1018-azure', java.version: '21.0.9'\nDriver info: org.openqa.selenium.chrome.ChromeDriver\nCapabilities {acceptInsecureCerts: false, browserName: chrome, browserVersion: 143.0.7499.192, chrome: {chromedriverVersion: 143.0.7499.192 (be2c1f4fd45..., userDataDir: /tmp/.org.chromium.Chromium...}, fedcm:accounts: true, goog:chromeOptions: {debuggerAddress: localhost:33783}, goog:processID: 3152, networkConnectionEnabled: false, pageLoadStrategy: normal, platformName: linux, proxy: Proxy(), se:cdp: ws://localhost:33783/devtoo..., se:cdpVersion: 143.0.7499.192, setWindowRect: true, strictFileInteractability: false, timeouts: {implicit: 0, pageLoad: 300000, script: 30000}, unhandledPromptBehavior: dismiss and notify, webauthn:extension:credBlob: true, webauthn:extension:largeBlob: true, webauthn:extension:minPinLength: true, webauthn:extension:prf: true, webauthn:virtualAuthenticators: true}\nSession ID: 808002adead781432b9ba9f8e71909ef\n\tat org.openqa.selenium.support.ui.WebDriverWait.timeoutException(WebDriverWait.java:84)\n\tat org.openqa.selenium.support.ui.FluentWait.until(FluentWait.java:228)\n\tat hesias.selenium.practices.correction.pages.BasePage.waitUntil(BasePage.java:33)\n\tat hesias.selenium.practices.correction.pages.BasePage.scrollToElement(BasePage.java:62)\n\tat hesias.selenium.practices.correction.pages.HomePage.clickFirstItemSlider(HomePage.java:51)\n\tat hesias.selenium.practices.correction.tests.HomeTest.testClickFirstGameInSwiper(HomeTest.java:59)\n\tSuppressed: org.junit.jupiter.api.extension.ParameterResolutionException: No ParameterResolver registered for parameter [org.junit.jupiter.api.extension.ExtensionContext context] in method [protected void hesias.selenium.practices.correction.tests.BaseTest.down(org.junit.jupiter.api.extension.ExtensionContext)].\n\t\tat java.base/java.util.ArrayList.forEach(ArrayList.java:1596)\n\t\tat java.base/java.util.ArrayList.forEach(ArrayList.java:1596)\n","flaky":false,"newFailed":false,"newBroken":false,"newPassed":false,"retriesCount":0,"retriesStatusChange":false,"beforeStages":[],"afterStages":[],"labels":[{"name":"junit.platform.uniqueid","value":"[engine:junit-jupiter]/[class:hesias.selenium.practices.correction.tests.HomeTest]/[method:testClickFirstGameInSwiper()]"},{"name":"feature","value":"Home action"},{"name":"story","value":"Navigation vers une fiche jeu"},{"name":"host","value":"runnervmmtnos"},{"name":"thread","value":"2638@runnervmmtnos.main(1)"},{"name":"framework","value":"junit-platform"},{"name":"language","value":"java"},{"name":"package","value":"hesias.selenium.practices.correction.tests.HomeTest"},{"name":"testClass","value":"hesias.selenium.practices.correction.tests.HomeTest"},{"name":"testMethod","value":"testClickFirstGameInSwiper"},{"name":"suite","value":"hesias.selenium.practices.correction.tests.HomeTest"},{"name":"severity","value":"normal"},{"name":"resultFormat","value":"allure2"}],"parameters":[],"links":[],"hidden":false,"retry":false,"extra":{"severity":"normal","retries":[],"categories":[{"name":"Test defects","matchedStatuses":[],"flaky":false}],"history":{"statistic":{"failed":0,"broken":2,"skipped":0,"passed":0,"unknown":0,"total":2},"items":[{"uid":"35973b66344cfd52","reportUrl":"https://L34ndr3.github.io/Selenium/1/#testresult/35973b66344cfd52","status":"broken","statusDetails":"Expected condition failed: waiting for visibility of element located by By.cssSelector: item-slider[selenium-id='productsSectionSlider'] (tried for 10 second(s) with 500 milliseconds interval)\nBuild info: version: '4.37.0', revision: '3c1da1e342'\nSystem info: os.name: 'Linux', os.arch: 'amd64', os.version: '6.11.0-1018-azure', java.version: '21.0.9'\nDriver info: org.openqa.selenium.chrome.ChromeDriver\nCapabilities {acceptInsecureCerts: false, browserName: chrome, browserVersion: 143.0.7499.192, chrome: {chromedriverVersion: 143.0.7499.192 (be2c1f4fd45..., userDataDir: /tmp/.org.chromium.Chromium...}, fedcm:accounts: true, goog:chromeOptions: {debuggerAddress: localhost:33771}, goog:processID: 3059, networkConnectionEnabled: false, pageLoadStrategy: normal, platformName: linux, proxy: Proxy(), se:cdp: ws://localhost:33771/devtoo..., se:cdpVersion: 143.0.7499.192, setWindowRect: true, strictFileInteractability: false, timeouts: {implicit: 0, pageLoad: 300000, script: 30000}, unhandledPromptBehavior: dismiss and notify, webauthn:extension:credBlob: true, webauthn:extension:largeBlob: true, webauthn:extension:minPinLength: true, webauthn:extension:prf: true, webauthn:virtualAuthenticators: true}\nSession ID: 123e1ea200c1b67269d38c989955ab84","time":{"start":1769088814927,"stop":1769088827582,"duration":12655}}]},"tags":[]},"source":"96055f70c9299d1.json","parameterValues":[]}